The system is: Linux - 5.4.0-59-generic - x86_64
Compiling the C compiler identification source file "CMakeCCompilerId.c" succeeded.
Compiler: /usr/bin/cc 
Build flags: 
Id flags:  

The output was:
0


Compilation of the C compiler identification source "CMakeCCompilerId.c" produced "a.out"

The C compiler identification is GNU, found in "/home/computahackerboy/Desktop/Programming/V-REx/core/src/mongo-c-driver/cmake-build/CMakeFiles/3.16.3/CompilerIdC/a.out"

Determining if the C compiler works passed with the following output:
Change Dir: /home/computahackerboy/Desktop/Programming/V-REx/core/src/mongo-c-driver/cmake-build/CMakeFiles/CMakeTmp

Run Build Command(s):/usr/bin/make cmTC_4042a/fast && /usr/bin/make -f CMakeFiles/cmTC_4042a.dir/build.make CMakeFiles/cmTC_4042a.dir/build
make[1]: Entering directory '/home/computahackerboy/Desktop/Programming/V-REx/core/src/mongo-c-driver/cmake-build/CMakeFiles/CMakeTmp'
Building C object CMakeFiles/cmTC_4042a.dir/testCCompiler.c.o
/usr/bin/cc    -o CMakeFiles/cmTC_4042a.dir/testCCompiler.c.o   -c /home/computahackerboy/Desktop/Programming/V-REx/core/src/mongo-c-driver/cmake-build/CMakeFiles/CMakeTmp/testCCompiler.c
Linking C executable cmTC_4042a
/usr/bin/cmake -E cmake_link_script CMakeFiles/cmTC_4042a.dir/link.txt --verbose=1
/usr/bin/cc      -rdynamic CMakeFiles/cmTC_4042a.dir/testCCompiler.c.o  -o cmTC_4042a 
make[1]: Leaving directory '/home/computahackerboy/Desktop/Programming/V-REx/core/src/mongo-c-driver/cmake-build/CMakeFiles/CMakeTmp'



Detecting C compiler ABI info compiled with the following output:
Change Dir: /home/computahackerboy/Desktop/Programming/V-REx/core/src/mongo-c-driver/cmake-build/CMakeFiles/CMakeTmp

Run Build Command(s):/usr/bin/make cmTC_e3038/fast && /usr/bin/make -f CMakeFiles/cmTC_e3038.dir/build.make CMakeFiles/cmTC_e3038.dir/build
make[1]: Entering directory '/home/computahackerboy/Desktop/Programming/V-REx/core/src/mongo-c-driver/cmake-build/CMakeFiles/CMakeTmp'
Building C object CMakeFiles/cmTC_e3038.dir/CMakeCCompilerABI.c.o
/usr/bin/cc   -v -o CMakeFiles/cmTC_e3038.dir/CMakeCCompilerABI.c.o   -c /usr/share/cmake-3.16/Modules/CMakeCCompilerABI.c
Using built-in specs.
COLLECT_GCC=/usr/bin/cc
OFFLOAD_TARGET_NAMES=nvptx-none:hsa
OFFLOAD_TARGET_DEFAULT=1
Target: x86_64-linux-gnu
Configured with: ../src/configure -v --with-pkgversion='Ubuntu 9.3.0-17ubuntu1~20.04' --with-bugurl=file:///usr/share/doc/gcc-9/README.Bugs --enable-languages=c,ada,c++,go,brig,d,fortran,objc,obj-c++,gm2 --prefix=/usr --with-gcc-major-version-only --program-suffix=-9 --program-prefix=x86_64-linux-gnu- --enable-shared --enable-linker-build-id --libexecdir=/usr/lib --without-included-gettext --enable-threads=posix --libdir=/usr/lib --enable-nls --enable-clocale=gnu --enable-libstdcxx-debug --enable-libstdcxx-time=yes --with-default-libstdcxx-abi=new --enable-gnu-unique-object --disable-vtable-verify --enable-plugin --enable-default-pie --with-system-zlib --with-target-system-zlib=auto --enable-objc-gc=auto --enable-multiarch --disable-werror --with-arch-32=i686 --with-abi=m64 --with-multilib-list=m32,m64,mx32 --enable-multilib --with-tune=generic --enable-offload-targets=nvptx-none=/build/gcc-9-HskZEa/gcc-9-9.3.0/debian/tmp-nvptx/usr,hsa --without-cuda-driver --enable-checking=release --build=x86_64-linux-gnu --host=x86_64-linux-gnu --target=x86_64-linux-gnu
Thread model: posix
gcc version 9.3.0 (Ubuntu 9.3.0-17ubuntu1~20.04) 
COLLECT_GCC_OPTIONS='-v' '-o' 'CMakeFiles/cmTC_e3038.dir/CMakeCCompilerABI.c.o' '-c' '-mtune=generic' '-march=x86-64'
 /usr/lib/gcc/x86_64-linux-gnu/9/cc1 -quiet -v -imultiarch x86_64-linux-gnu /usr/share/cmake-3.16/Modules/CMakeCCompilerABI.c -quiet -dumpbase CMakeCCompilerABI.c -mtune=generic -march=x86-64 -auxbase-strip CMakeFiles/cmTC_e3038.dir/CMakeCCompilerABI.c.o -version -fasynchronous-unwind-tables -fstack-protector-strong -Wformat -Wformat-security -fstack-clash-protection -fcf-protection -o /tmp/cccJ5Gk1.s
GNU C17 (Ubuntu 9.3.0-17ubuntu1~20.04) version 9.3.0 (x86_64-linux-gnu)
	compiled by GNU C version 9.3.0, GMP version 6.2.0, MPFR version 4.0.2, MPC version 1.1.0, isl version isl-0.22.1-GMP

GGC heuristics: --param ggc-min-expand=100 --param ggc-min-heapsize=131072
ignoring nonexistent directory "/usr/local/include/x86_64-linux-gnu"
ignoring nonexistent directory "/usr/lib/gcc/x86_64-linux-gnu/9/include-fixed"
ignoring nonexistent directory "/usr/lib/gcc/x86_64-linux-gnu/9/../../../../x86_64-linux-gnu/include"
#include "..." search starts here:
#include <...> search starts here:
 /usr/lib/gcc/x86_64-linux-gnu/9/include
 /usr/local/include
 /usr/include/x86_64-linux-gnu
 /usr/include
End of search list.
GNU C17 (Ubuntu 9.3.0-17ubuntu1~20.04) version 9.3.0 (x86_64-linux-gnu)
	compiled by GNU C version 9.3.0, GMP version 6.2.0, MPFR version 4.0.2, MPC version 1.1.0, isl version isl-0.22.1-GMP

GGC heuristics: --param ggc-min-expand=100 --param ggc-min-heapsize=131072
Compiler executable checksum: bbf13931d8de1abe14040c9909cb6969
COLLECT_GCC_OPTIONS='-v' '-o' 'CMakeFiles/cmTC_e3038.dir/CMakeCCompilerABI.c.o' '-c' '-mtune=generic' '-march=x86-64'
 as -v --64 -o CMakeFiles/cmTC_e3038.dir/CMakeCCompilerABI.c.o /tmp/cccJ5Gk1.s
GNU assembler version 2.34 (x86_64-linux-gnu) using BFD version (GNU Binutils for Ubuntu) 2.34
COMPILER_PATH=/usr/lib/gcc/x86_64-linux-gnu/9/:/usr/lib/gcc/x86_64-linux-gnu/9/:/usr/lib/gcc/x86_64-linux-gnu/:/usr/lib/gcc/x86_64-linux-gnu/9/:/usr/lib/gcc/x86_64-linux-gnu/
LIBRARY_PATH=/usr/lib/gcc/x86_64-linux-gnu/9/:/usr/lib/gcc/x86_64-linux-gnu/9/../../../x86_64-linux-gnu/:/usr/lib/gcc/x86_64-linux-gnu/9/../../../../lib/:/lib/x86_64-linux-gnu/:/lib/../lib/:/usr/lib/x86_64-linux-gnu/:/usr/lib/../lib/:/usr/lib/gcc/x86_64-linux-gnu/9/../../../:/lib/:/usr/lib/
COLLECT_GCC_OPTIONS='-v' '-o' 'CMakeFiles/cmTC_e3038.dir/CMakeCCompilerABI.c.o' '-c' '-mtune=generic' '-march=x86-64'
Linking C executable cmTC_e3038
/usr/bin/cmake -E cmake_link_script CMakeFiles/cmTC_e3038.dir/link.txt --verbose=1
/usr/bin/cc     -v -rdynamic CMakeFiles/cmTC_e3038.dir/CMakeCCompilerABI.c.o  -o cmTC_e3038 
Using built-in specs.
COLLECT_GCC=/usr/bin/cc
COLLECT_LTO_WRAPPER=/usr/lib/gcc/x86_64-linux-gnu/9/lto-wrapper
OFFLOAD_TARGET_NAMES=nvptx-none:hsa
OFFLOAD_TARGET_DEFAULT=1
Target: x86_64-linux-gnu
Configured with: ../src/configure -v --with-pkgversion='Ubuntu 9.3.0-17ubuntu1~20.04' --with-bugurl=file:///usr/share/doc/gcc-9/README.Bugs --enable-languages=c,ada,c++,go,brig,d,fortran,objc,obj-c++,gm2 --prefix=/usr --with-gcc-major-version-only --program-suffix=-9 --program-prefix=x86_64-linux-gnu- --enable-shared --enable-linker-build-id --libexecdir=/usr/lib --without-included-gettext --enable-threads=posix --libdir=/usr/lib --enable-nls --enable-clocale=gnu --enable-libstdcxx-debug --enable-libstdcxx-time=yes --with-default-libstdcxx-abi=new --enable-gnu-unique-object --disable-vtable-verify --enable-plugin --enable-default-pie --with-system-zlib --with-target-system-zlib=auto --enable-objc-gc=auto --enable-multiarch --disable-werror --with-arch-32=i686 --with-abi=m64 --with-multilib-list=m32,m64,mx32 --enable-multilib --with-tune=generic --enable-offload-targets=nvptx-none=/build/gcc-9-HskZEa/gcc-9-9.3.0/debian/tmp-nvptx/usr,hsa --without-cuda-driver --enable-checking=release --build=x86_64-linux-gnu --host=x86_64-linux-gnu --target=x86_64-linux-gnu
Thread model: posix
gcc version 9.3.0 (Ubuntu 9.3.0-17ubuntu1~20.04) 
COMPILER_PATH=/usr/lib/gcc/x86_64-linux-gnu/9/:/usr/lib/gcc/x86_64-linux-gnu/9/:/usr/lib/gcc/x86_64-linux-gnu/:/usr/lib/gcc/x86_64-linux-gnu/9/:/usr/lib/gcc/x86_64-linux-gnu/
LIBRARY_PATH=/usr/lib/gcc/x86_64-linux-gnu/9/:/usr/lib/gcc/x86_64-linux-gnu/9/../../../x86_64-linux-gnu/:/usr/lib/gcc/x86_64-linux-gnu/9/../../../../lib/:/lib/x86_64-linux-gnu/:/lib/../lib/:/usr/lib/x86_64-linux-gnu/:/usr/lib/../lib/:/usr/lib/gcc/x86_64-linux-gnu/9/../../../:/lib/:/usr/lib/
COLLECT_GCC_OPTIONS='-v' '-rdynamic' '-o' 'cmTC_e3038' '-mtune=generic' '-march=x86-64'
 /usr/lib/gcc/x86_64-linux-gnu/9/collect2 -plugin /usr/lib/gcc/x86_64-linux-gnu/9/liblto_plugin.so -plugin-opt=/usr/lib/gcc/x86_64-linux-gnu/9/lto-wrapper -plugin-opt=-fresolution=/tmp/ccb6QADv.res -plugin-opt=-pass-through=-lgcc -plugin-opt=-pass-through=-lgcc_s -plugin-opt=-pass-through=-lc -plugin-opt=-pass-through=-lgcc -plugin-opt=-pass-through=-lgcc_s --build-id --eh-frame-hdr -m elf_x86_64 --hash-style=gnu --as-needed -export-dynamic -dynamic-linker /lib64/ld-linux-x86-64.so.2 -pie -z now -z relro -o cmTC_e3038 /usr/lib/gcc/x86_64-linux-gnu/9/../../../x86_64-linux-gnu/Scrt1.o /usr/lib/gcc/x86_64-linux-gnu/9/../../../x86_64-linux-gnu/crti.o /usr/lib/gcc/x86_64-linux-gnu/9/crtbeginS.o -L/usr/lib/gcc/x86_64-linux-gnu/9 -L/usr/lib/gcc/x86_64-linux-gnu/9/../../../x86_64-linux-gnu -L/usr/lib/gcc/x86_64-linux-gnu/9/../../../../lib -L/lib/x86_64-linux-gnu -L/lib/../lib -L/usr/lib/x86_64-linux-gnu -L/usr/lib/../lib -L/usr/lib/gcc/x86_64-linux-gnu/9/../../.. CMakeFiles/cmTC_e3038.dir/CMakeCCompilerABI.c.o -lgcc --push-state --as-needed -lgcc_s --pop-state -lc -lgcc --push-state --as-needed -lgcc_s --pop-state /usr/lib/gcc/x86_64-linux-gnu/9/crtendS.o /usr/lib/gcc/x86_64-linux-gnu/9/../../../x86_64-linux-gnu/crtn.o
COLLECT_GCC_OPTIONS='-v' '-rdynamic' '-o' 'cmTC_e3038' '-mtune=generic' '-march=x86-64'
make[1]: Leaving directory '/home/computahackerboy/Desktop/Programming/V-REx/core/src/mongo-c-driver/cmake-build/CMakeFiles/CMakeTmp'



Parsed C implicit include dir info from above output: rv=done
  found start of include info
  found start of implicit include info
    add: [/usr/lib/gcc/x86_64-linux-gnu/9/include]
    add: [/usr/local/include]
    add: [/usr/include/x86_64-linux-gnu]
    add: [/usr/include]
  end of search list found
  collapse include dir [/usr/lib/gcc/x86_64-linux-gnu/9/include] ==> [/usr/lib/gcc/x86_64-linux-gnu/9/include]
  collapse include dir [/usr/local/include] ==> [/usr/local/include]
  collapse include dir [/usr/include/x86_64-linux-gnu] ==> [/usr/include/x86_64-linux-gnu]
  collapse include dir [/usr/include] ==> [/usr/include]
  implicit include dirs: [/usr/lib/gcc/x86_64-linux-gnu/9/include;/usr/local/include;/usr/include/x86_64-linux-gnu;/usr/include]


Parsed C implicit link information from above output:
  link line regex: [^( *|.*[/\])(ld|CMAKE_LINK_STARTFILE-NOTFOUND|([^/\]+-)?ld|collect2)[^/\]*( |$)]
  ignore line: [Change Dir: /home/computahackerboy/Desktop/Programming/V-REx/core/src/mongo-c-driver/cmake-build/CMakeFiles/CMakeTmp]
  ignore line: []
  ignore line: [Run Build Command(s):/usr/bin/make cmTC_e3038/fast && /usr/bin/make -f CMakeFiles/cmTC_e3038.dir/build.make CMakeFiles/cmTC_e3038.dir/build]
  ignore line: [make[1]: Entering directory '/home/computahackerboy/Desktop/Programming/V-REx/core/src/mongo-c-driver/cmake-build/CMakeFiles/CMakeTmp']
  ignore line: [Building C object CMakeFiles/cmTC_e3038.dir/CMakeCCompilerABI.c.o]
  ignore line: [/usr/bin/cc   -v -o CMakeFiles/cmTC_e3038.dir/CMakeCCompilerABI.c.o   -c /usr/share/cmake-3.16/Modules/CMakeCCompilerABI.c]
  ignore line: [Using built-in specs.]
  ignore line: [COLLECT_GCC=/usr/bin/cc]
  ignore line: [OFFLOAD_TARGET_NAMES=nvptx-none:hsa]
  ignore line: [OFFLOAD_TARGET_DEFAULT=1]
  ignore line: [Target: x86_64-linux-gnu]
  ignore line: [Configured with: ../src/configure -v --with-pkgversion='Ubuntu 9.3.0-17ubuntu1~20.04' --with-bugurl=file:///usr/share/doc/gcc-9/README.Bugs --enable-languages=c ada c++ go brig d fortran objc obj-c++ gm2 --prefix=/usr --with-gcc-major-version-only --program-suffix=-9 --program-prefix=x86_64-linux-gnu- --enable-shared --enable-linker-build-id --libexecdir=/usr/lib --without-included-gettext --enable-threads=posix --libdir=/usr/lib --enable-nls --enable-clocale=gnu --enable-libstdcxx-debug --enable-libstdcxx-time=yes --with-default-libstdcxx-abi=new --enable-gnu-unique-object --disable-vtable-verify --enable-plugin --enable-default-pie --with-system-zlib --with-target-system-zlib=auto --enable-objc-gc=auto --enable-multiarch --disable-werror --with-arch-32=i686 --with-abi=m64 --with-multilib-list=m32 m64 mx32 --enable-multilib --with-tune=generic --enable-offload-targets=nvptx-none=/build/gcc-9-HskZEa/gcc-9-9.3.0/debian/tmp-nvptx/usr hsa --without-cuda-driver --enable-checking=release --build=x86_64-linux-gnu --host=x86_64-linux-gnu --target=x86_64-linux-gnu]
  ignore line: [Thread model: posix]
  ignore line: [gcc version 9.3.0 (Ubuntu 9.3.0-17ubuntu1~20.04) ]
  ignore line: [COLLECT_GCC_OPTIONS='-v' '-o' 'CMakeFiles/cmTC_e3038.dir/CMakeCCompilerABI.c.o' '-c' '-mtune=generic' '-march=x86-64']
  ignore line: [ /usr/lib/gcc/x86_64-linux-gnu/9/cc1 -quiet -v -imultiarch x86_64-linux-gnu /usr/share/cmake-3.16/Modules/CMakeCCompilerABI.c -quiet -dumpbase CMakeCCompilerABI.c -mtune=generic -march=x86-64 -auxbase-strip CMakeFiles/cmTC_e3038.dir/CMakeCCompilerABI.c.o -version -fasynchronous-unwind-tables -fstack-protector-strong -Wformat -Wformat-security -fstack-clash-protection -fcf-protection -o /tmp/cccJ5Gk1.s]
  ignore line: [GNU C17 (Ubuntu 9.3.0-17ubuntu1~20.04) version 9.3.0 (x86_64-linux-gnu)]
  ignore line: [	compiled by GNU C version 9.3.0  GMP version 6.2.0  MPFR version 4.0.2  MPC version 1.1.0  isl version isl-0.22.1-GMP]
  ignore line: []
  ignore line: [GGC heuristics: --param ggc-min-expand=100 --param ggc-min-heapsize=131072]
  ignore line: [ignoring nonexistent directory "/usr/local/include/x86_64-linux-gnu"]
  ignore line: [ignoring nonexistent directory "/usr/lib/gcc/x86_64-linux-gnu/9/include-fixed"]
  ignore line: [ignoring nonexistent directory "/usr/lib/gcc/x86_64-linux-gnu/9/../../../../x86_64-linux-gnu/include"]
  ignore line: [#include "..." search starts here:]
  ignore line: [#include <...> search starts here:]
  ignore line: [ /usr/lib/gcc/x86_64-linux-gnu/9/include]
  ignore line: [ /usr/local/include]
  ignore line: [ /usr/include/x86_64-linux-gnu]
  ignore line: [ /usr/include]
  ignore line: [End of search list.]
  ignore line: [GNU C17 (Ubuntu 9.3.0-17ubuntu1~20.04) version 9.3.0 (x86_64-linux-gnu)]
  ignore line: [	compiled by GNU C version 9.3.0  GMP version 6.2.0  MPFR version 4.0.2  MPC version 1.1.0  isl version isl-0.22.1-GMP]
  ignore line: []
  ignore line: [GGC heuristics: --param ggc-min-expand=100 --param ggc-min-heapsize=131072]
  ignore line: [Compiler executable checksum: bbf13931d8de1abe14040c9909cb6969]
  ignore line: [COLLECT_GCC_OPTIONS='-v' '-o' 'CMakeFiles/cmTC_e3038.dir/CMakeCCompilerABI.c.o' '-c' '-mtune=generic' '-march=x86-64']
  ignore line: [ as -v --64 -o CMakeFiles/cmTC_e3038.dir/CMakeCCompilerABI.c.o /tmp/cccJ5Gk1.s]
  ignore line: [GNU assembler version 2.34 (x86_64-linux-gnu) using BFD version (GNU Binutils for Ubuntu) 2.34]
  ignore line: [COMPILER_PATH=/usr/lib/gcc/x86_64-linux-gnu/9/:/usr/lib/gcc/x86_64-linux-gnu/9/:/usr/lib/gcc/x86_64-linux-gnu/:/usr/lib/gcc/x86_64-linux-gnu/9/:/usr/lib/gcc/x86_64-linux-gnu/]
  ignore line: [LIBRARY_PATH=/usr/lib/gcc/x86_64-linux-gnu/9/:/usr/lib/gcc/x86_64-linux-gnu/9/../../../x86_64-linux-gnu/:/usr/lib/gcc/x86_64-linux-gnu/9/../../../../lib/:/lib/x86_64-linux-gnu/:/lib/../lib/:/usr/lib/x86_64-linux-gnu/:/usr/lib/../lib/:/usr/lib/gcc/x86_64-linux-gnu/9/../../../:/lib/:/usr/lib/]
  ignore line: [COLLECT_GCC_OPTIONS='-v' '-o' 'CMakeFiles/cmTC_e3038.dir/CMakeCCompilerABI.c.o' '-c' '-mtune=generic' '-march=x86-64']
  ignore line: [Linking C executable cmTC_e3038]
  ignore line: [/usr/bin/cmake -E cmake_link_script CMakeFiles/cmTC_e3038.dir/link.txt --verbose=1]
  ignore line: [/usr/bin/cc     -v -rdynamic CMakeFiles/cmTC_e3038.dir/CMakeCCompilerABI.c.o  -o cmTC_e3038 ]
  ignore line: [Using built-in specs.]
  ignore line: [COLLECT_GCC=/usr/bin/cc]
  ignore line: [COLLECT_LTO_WRAPPER=/usr/lib/gcc/x86_64-linux-gnu/9/lto-wrapper]
  ignore line: [OFFLOAD_TARGET_NAMES=nvptx-none:hsa]
  ignore line: [OFFLOAD_TARGET_DEFAULT=1]
  ignore line: [Target: x86_64-linux-gnu]
  ignore line: [Configured with: ../src/configure -v --with-pkgversion='Ubuntu 9.3.0-17ubuntu1~20.04' --with-bugurl=file:///usr/share/doc/gcc-9/README.Bugs --enable-languages=c ada c++ go brig d fortran objc obj-c++ gm2 --prefix=/usr --with-gcc-major-version-only --program-suffix=-9 --program-prefix=x86_64-linux-gnu- --enable-shared --enable-linker-build-id --libexecdir=/usr/lib --without-included-gettext --enable-threads=posix --libdir=/usr/lib --enable-nls --enable-clocale=gnu --enable-libstdcxx-debug --enable-libstdcxx-time=yes --with-default-libstdcxx-abi=new --enable-gnu-unique-object --disable-vtable-verify --enable-plugin --enable-default-pie --with-system-zlib --with-target-system-zlib=auto --enable-objc-gc=auto --enable-multiarch --disable-werror --with-arch-32=i686 --with-abi=m64 --with-multilib-list=m32 m64 mx32 --enable-multilib --with-tune=generic --enable-offload-targets=nvptx-none=/build/gcc-9-HskZEa/gcc-9-9.3.0/debian/tmp-nvptx/usr hsa --without-cuda-driver --enable-checking=release --build=x86_64-linux-gnu --host=x86_64-linux-gnu --target=x86_64-linux-gnu]
  ignore line: [Thread model: posix]
  ignore line: [gcc version 9.3.0 (Ubuntu 9.3.0-17ubuntu1~20.04) ]
  ignore line: [COMPILER_PATH=/usr/lib/gcc/x86_64-linux-gnu/9/:/usr/lib/gcc/x86_64-linux-gnu/9/:/usr/lib/gcc/x86_64-linux-gnu/:/usr/lib/gcc/x86_64-linux-gnu/9/:/usr/lib/gcc/x86_64-linux-gnu/]
  ignore line: [LIBRARY_PATH=/usr/lib/gcc/x86_64-linux-gnu/9/:/usr/lib/gcc/x86_64-linux-gnu/9/../../../x86_64-linux-gnu/:/usr/lib/gcc/x86_64-linux-gnu/9/../../../../lib/:/lib/x86_64-linux-gnu/:/lib/../lib/:/usr/lib/x86_64-linux-gnu/:/usr/lib/../lib/:/usr/lib/gcc/x86_64-linux-gnu/9/../../../:/lib/:/usr/lib/]
  ignore line: [COLLECT_GCC_OPTIONS='-v' '-rdynamic' '-o' 'cmTC_e3038' '-mtune=generic' '-march=x86-64']
  link line: [ /usr/lib/gcc/x86_64-linux-gnu/9/collect2 -plugin /usr/lib/gcc/x86_64-linux-gnu/9/liblto_plugin.so -plugin-opt=/usr/lib/gcc/x86_64-linux-gnu/9/lto-wrapper -plugin-opt=-fresolution=/tmp/ccb6QADv.res -plugin-opt=-pass-through=-lgcc -plugin-opt=-pass-through=-lgcc_s -plugin-opt=-pass-through=-lc -plugin-opt=-pass-through=-lgcc -plugin-opt=-pass-through=-lgcc_s --build-id --eh-frame-hdr -m elf_x86_64 --hash-style=gnu --as-needed -export-dynamic -dynamic-linker /lib64/ld-linux-x86-64.so.2 -pie -z now -z relro -o cmTC_e3038 /usr/lib/gcc/x86_64-linux-gnu/9/../../../x86_64-linux-gnu/Scrt1.o /usr/lib/gcc/x86_64-linux-gnu/9/../../../x86_64-linux-gnu/crti.o /usr/lib/gcc/x86_64-linux-gnu/9/crtbeginS.o -L/usr/lib/gcc/x86_64-linux-gnu/9 -L/usr/lib/gcc/x86_64-linux-gnu/9/../../../x86_64-linux-gnu -L/usr/lib/gcc/x86_64-linux-gnu/9/../../../../lib -L/lib/x86_64-linux-gnu -L/lib/../lib -L/usr/lib/x86_64-linux-gnu -L/usr/lib/../lib -L/usr/lib/gcc/x86_64-linux-gnu/9/../../.. CMakeFiles/cmTC_e3038.dir/CMakeCCompilerABI.c.o -lgcc --push-state --as-needed -lgcc_s --pop-state -lc -lgcc --push-state --as-needed -lgcc_s --pop-state /usr/lib/gcc/x86_64-linux-gnu/9/crtendS.o /usr/lib/gcc/x86_64-linux-gnu/9/../../../x86_64-linux-gnu/crtn.o]
    arg [/usr/lib/gcc/x86_64-linux-gnu/9/collect2] ==> ignore
    arg [-plugin] ==> ignore
    arg [/usr/lib/gcc/x86_64-linux-gnu/9/liblto_plugin.so] ==> ignore
    arg [-plugin-opt=/usr/lib/gcc/x86_64-linux-gnu/9/lto-wrapper] ==> ignore
    arg [-plugin-opt=-fresolution=/tmp/ccb6QADv.res] ==> ignore
    arg [-plugin-opt=-pass-through=-lgcc] ==> ignore
    arg [-plugin-opt=-pass-through=-lgcc_s] ==> ignore
    arg [-plugin-opt=-pass-through=-lc] ==> ignore
    arg [-plugin-opt=-pass-through=-lgcc] ==> ignore
    arg [-plugin-opt=-pass-through=-lgcc_s] ==> ignore
    arg [--build-id] ==> ignore
    arg [--eh-frame-hdr] ==> ignore
    arg [-m] ==> ignore
    arg [elf_x86_64] ==> ignore
    arg [--hash-style=gnu] ==> ignore
    arg [--as-needed] ==> ignore
    arg [-export-dynamic] ==> ignore
    arg [-dynamic-linker] ==> ignore
    arg [/lib64/ld-linux-x86-64.so.2] ==> ignore
    arg [-pie] ==> ignore
    arg [-znow] ==> ignore
    arg [-zrelro] ==> ignore
    arg [-o] ==> ignore
    arg [cmTC_e3038] ==> ignore
    arg [/usr/lib/gcc/x86_64-linux-gnu/9/../../../x86_64-linux-gnu/Scrt1.o] ==> ignore
    arg [/usr/lib/gcc/x86_64-linux-gnu/9/../../../x86_64-linux-gnu/crti.o] ==> ignore
    arg [/usr/lib/gcc/x86_64-linux-gnu/9/crtbeginS.o] ==> ignore
    arg [-L/usr/lib/gcc/x86_64-linux-gnu/9] ==> dir [/usr/lib/gcc/x86_64-linux-gnu/9]
    arg [-L/usr/lib/gcc/x86_64-linux-gnu/9/../../../x86_64-linux-gnu] ==> dir [/usr/lib/gcc/x86_64-linux-gnu/9/../../../x86_64-linux-gnu]
    arg [-L/usr/lib/gcc/x86_64-linux-gnu/9/../../../../lib] ==> dir [/usr/lib/gcc/x86_64-linux-gnu/9/../../../../lib]
    arg [-L/lib/x86_64-linux-gnu] ==> dir [/lib/x86_64-linux-gnu]
    arg [-L/lib/../lib] ==> dir [/lib/../lib]
    arg [-L/usr/lib/x86_64-linux-gnu] ==> dir [/usr/lib/x86_64-linux-gnu]
    arg [-L/usr/lib/../lib] ==> dir [/usr/lib/../lib]
    arg [-L/usr/lib/gcc/x86_64-linux-gnu/9/../../..] ==> dir [/usr/lib/gcc/x86_64-linux-gnu/9/../../..]
    arg [CMakeFiles/cmTC_e3038.dir/CMakeCCompilerABI.c.o] ==> ignore
    arg [-lgcc] ==> lib [gcc]
    arg [--push-state] ==> ignore
    arg [--as-needed] ==> ignore
    arg [-lgcc_s] ==> lib [gcc_s]
    arg [--pop-state] ==> ignore
    arg [-lc] ==> lib [c]
    arg [-lgcc] ==> lib [gcc]
    arg [--push-state] ==> ignore
    arg [--as-needed] ==> ignore
    arg [-lgcc_s] ==> lib [gcc_s]
    arg [--pop-state] ==> ignore
    arg [/usr/lib/gcc/x86_64-linux-gnu/9/crtendS.o] ==> ignore
    arg [/usr/lib/gcc/x86_64-linux-gnu/9/../../../x86_64-linux-gnu/crtn.o] ==> ignore
  collapse library dir [/usr/lib/gcc/x86_64-linux-gnu/9] ==> [/usr/lib/gcc/x86_64-linux-gnu/9]
  collapse library dir [/usr/lib/gcc/x86_64-linux-gnu/9/../../../x86_64-linux-gnu] ==> [/usr/lib/x86_64-linux-gnu]
  collapse library dir [/usr/lib/gcc/x86_64-linux-gnu/9/../../../../lib] ==> [/usr/lib]
  collapse library dir [/lib/x86_64-linux-gnu] ==> [/lib/x86_64-linux-gnu]
  collapse library dir [/lib/../lib] ==> [/lib]
  collapse library dir [/usr/lib/x86_64-linux-gnu] ==> [/usr/lib/x86_64-linux-gnu]
  collapse library dir [/usr/lib/../lib] ==> [/usr/lib]
  collapse library dir [/usr/lib/gcc/x86_64-linux-gnu/9/../../..] ==> [/usr/lib]
  implicit libs: [gcc;gcc_s;c;gcc;gcc_s]
  implicit dirs: [/usr/lib/gcc/x86_64-linux-gnu/9;/usr/lib/x86_64-linux-gnu;/usr/lib;/lib/x86_64-linux-gnu;/lib]
  implicit fwks: []


Determining if the include file sys/types.h exists passed with the following output:
Change Dir: /home/computahackerboy/Desktop/Programming/V-REx/core/src/mongo-c-driver/cmake-build/CMakeFiles/CMakeTmp

Run Build Command(s):/usr/bin/make cmTC_3ba3b/fast && /usr/bin/make -f CMakeFiles/cmTC_3ba3b.dir/build.make CMakeFiles/cmTC_3ba3b.dir/build
make[1]: Entering directory '/home/computahackerboy/Desktop/Programming/V-REx/core/src/mongo-c-driver/cmake-build/CMakeFiles/CMakeTmp'
Building C object CMakeFiles/cmTC_3ba3b.dir/CheckIncludeFile.c.o
/usr/bin/cc    -o CMakeFiles/cmTC_3ba3b.dir/CheckIncludeFile.c.o   -c /home/computahackerboy/Desktop/Programming/V-REx/core/src/mongo-c-driver/cmake-build/CMakeFiles/CMakeTmp/CheckIncludeFile.c
Linking C executable cmTC_3ba3b
/usr/bin/cmake -E cmake_link_script CMakeFiles/cmTC_3ba3b.dir/link.txt --verbose=1
/usr/bin/cc      -rdynamic CMakeFiles/cmTC_3ba3b.dir/CheckIncludeFile.c.o  -o cmTC_3ba3b 
make[1]: Leaving directory '/home/computahackerboy/Desktop/Programming/V-REx/core/src/mongo-c-driver/cmake-build/CMakeFiles/CMakeTmp'



Determining if the include file stdint.h exists passed with the following output:
Change Dir: /home/computahackerboy/Desktop/Programming/V-REx/core/src/mongo-c-driver/cmake-build/CMakeFiles/CMakeTmp

Run Build Command(s):/usr/bin/make cmTC_03397/fast && /usr/bin/make -f CMakeFiles/cmTC_03397.dir/build.make CMakeFiles/cmTC_03397.dir/build
make[1]: Entering directory '/home/computahackerboy/Desktop/Programming/V-REx/core/src/mongo-c-driver/cmake-build/CMakeFiles/CMakeTmp'
Building C object CMakeFiles/cmTC_03397.dir/CheckIncludeFile.c.o
/usr/bin/cc    -o CMakeFiles/cmTC_03397.dir/CheckIncludeFile.c.o   -c /home/computahackerboy/Desktop/Programming/V-REx/core/src/mongo-c-driver/cmake-build/CMakeFiles/CMakeTmp/CheckIncludeFile.c
Linking C executable cmTC_03397
/usr/bin/cmake -E cmake_link_script CMakeFiles/cmTC_03397.dir/link.txt --verbose=1
/usr/bin/cc      -rdynamic CMakeFiles/cmTC_03397.dir/CheckIncludeFile.c.o  -o cmTC_03397 
make[1]: Leaving directory '/home/computahackerboy/Desktop/Programming/V-REx/core/src/mongo-c-driver/cmake-build/CMakeFiles/CMakeTmp'



Determining if the include file stddef.h exists passed with the following output:
Change Dir: /home/computahackerboy/Desktop/Programming/V-REx/core/src/mongo-c-driver/cmake-build/CMakeFiles/CMakeTmp

Run Build Command(s):/usr/bin/make cmTC_d7633/fast && /usr/bin/make -f CMakeFiles/cmTC_d7633.dir/build.make CMakeFiles/cmTC_d7633.dir/build
make[1]: Entering directory '/home/computahackerboy/Desktop/Programming/V-REx/core/src/mongo-c-driver/cmake-build/CMakeFiles/CMakeTmp'
Building C object CMakeFiles/cmTC_d7633.dir/CheckIncludeFile.c.o
/usr/bin/cc    -o CMakeFiles/cmTC_d7633.dir/CheckIncludeFile.c.o   -c /home/computahackerboy/Desktop/Programming/V-REx/core/src/mongo-c-driver/cmake-build/CMakeFiles/CMakeTmp/CheckIncludeFile.c
Linking C executable cmTC_d7633
/usr/bin/cmake -E cmake_link_script CMakeFiles/cmTC_d7633.dir/link.txt --verbose=1
/usr/bin/cc      -rdynamic CMakeFiles/cmTC_d7633.dir/CheckIncludeFile.c.o  -o cmTC_d7633 
make[1]: Leaving directory '/home/computahackerboy/Desktop/Programming/V-REx/core/src/mongo-c-driver/cmake-build/CMakeFiles/CMakeTmp'



Determining size of unsigned short passed with the following output:
Change Dir: /home/computahackerboy/Desktop/Programming/V-REx/core/src/mongo-c-driver/cmake-build/CMakeFiles/CMakeTmp

Run Build Command(s):/usr/bin/make cmTC_4658b/fast && /usr/bin/make -f CMakeFiles/cmTC_4658b.dir/build.make CMakeFiles/cmTC_4658b.dir/build
make[1]: Entering directory '/home/computahackerboy/Desktop/Programming/V-REx/core/src/mongo-c-driver/cmake-build/CMakeFiles/CMakeTmp'
Building C object CMakeFiles/cmTC_4658b.dir/CMAKE_SIZEOF_UNSIGNED_SHORT.c.o
/usr/bin/cc    -o CMakeFiles/cmTC_4658b.dir/CMAKE_SIZEOF_UNSIGNED_SHORT.c.o   -c /home/computahackerboy/Desktop/Programming/V-REx/core/src/mongo-c-driver/cmake-build/CMakeFiles/CheckTypeSize/CMAKE_SIZEOF_UNSIGNED_SHORT.c
Linking C executable cmTC_4658b
/usr/bin/cmake -E cmake_link_script CMakeFiles/cmTC_4658b.dir/link.txt --verbose=1
/usr/bin/cc      -rdynamic CMakeFiles/cmTC_4658b.dir/CMAKE_SIZEOF_UNSIGNED_SHORT.c.o  -o cmTC_4658b 
make[1]: Leaving directory '/home/computahackerboy/Desktop/Programming/V-REx/core/src/mongo-c-driver/cmake-build/CMakeFiles/CMakeTmp'



Determining if the system is big endian passed with the following output:
Change Dir: /home/computahackerboy/Desktop/Programming/V-REx/core/src/mongo-c-driver/cmake-build/CMakeFiles/CMakeTmp

Run Build Command(s):/usr/bin/make cmTC_82ff5/fast && /usr/bin/make -f CMakeFiles/cmTC_82ff5.dir/build.make CMakeFiles/cmTC_82ff5.dir/build
make[1]: Entering directory '/home/computahackerboy/Desktop/Programming/V-REx/core/src/mongo-c-driver/cmake-build/CMakeFiles/CMakeTmp'
Building C object CMakeFiles/cmTC_82ff5.dir/TestEndianess.c.o
/usr/bin/cc    -o CMakeFiles/cmTC_82ff5.dir/TestEndianess.c.o   -c /home/computahackerboy/Desktop/Programming/V-REx/core/src/mongo-c-driver/cmake-build/CMakeFiles/CMakeTmp/TestEndianess.c
Linking C executable cmTC_82ff5
/usr/bin/cmake -E cmake_link_script CMakeFiles/cmTC_82ff5.dir/link.txt --verbose=1
/usr/bin/cc      -rdynamic CMakeFiles/cmTC_82ff5.dir/TestEndianess.c.o  -o cmTC_82ff5 
make[1]: Leaving directory '/home/computahackerboy/Desktop/Programming/V-REx/core/src/mongo-c-driver/cmake-build/CMakeFiles/CMakeTmp'


TestEndianess.c:
/* A 16 bit integer is required. */
typedef unsigned short cmakeint16;

/* On a little endian machine, these 16bit ints will give "THIS IS LITTLE ENDIAN."
   On a big endian machine the characters will be exchanged pairwise. */
const cmakeint16 info_little[] =  {0x4854, 0x5349, 0x4920, 0x2053, 0x494c, 0x5454, 0x454c, 0x4520, 0x444e, 0x4149, 0x2e4e, 0x0000};

/* on a big endian machine, these 16bit ints will give "THIS IS BIG ENDIAN."
   On a little endian machine the characters will be exchanged pairwise. */
const cmakeint16 info_big[] =     {0x5448, 0x4953, 0x2049, 0x5320, 0x4249, 0x4720, 0x454e, 0x4449, 0x414e, 0x2e2e, 0x0000};

#ifdef __CLASSIC_C__
int main(argc, argv) int argc; char *argv[];
#else
int main(int argc, char *argv[])
#endif
{
  int require = 0;
  require += info_little[argc];
  require += info_big[argc];
  (void)argv;
  return require;
}


Determining if the snprintf exist passed with the following output:
Change Dir: /home/computahackerboy/Desktop/Programming/V-REx/core/src/mongo-c-driver/cmake-build/CMakeFiles/CMakeTmp

Run Build Command(s):/usr/bin/make cmTC_3f72b/fast && /usr/bin/make -f CMakeFiles/cmTC_3f72b.dir/build.make CMakeFiles/cmTC_3f72b.dir/build
make[1]: Entering directory '/home/computahackerboy/Desktop/Programming/V-REx/core/src/mongo-c-driver/cmake-build/CMakeFiles/CMakeTmp'
Building C object CMakeFiles/cmTC_3f72b.dir/CheckSymbolExists.c.o
/usr/bin/cc    -o CMakeFiles/cmTC_3f72b.dir/CheckSymbolExists.c.o   -c /home/computahackerboy/Desktop/Programming/V-REx/core/src/mongo-c-driver/cmake-build/CMakeFiles/CMakeTmp/CheckSymbolExists.c
Linking C executable cmTC_3f72b
/usr/bin/cmake -E cmake_link_script CMakeFiles/cmTC_3f72b.dir/link.txt --verbose=1
/usr/bin/cc      -rdynamic CMakeFiles/cmTC_3f72b.dir/CheckSymbolExists.c.o  -o cmTC_3f72b  /usr/lib/x86_64-linux-gnu/librt.so 
make[1]: Leaving directory '/home/computahackerboy/Desktop/Programming/V-REx/core/src/mongo-c-driver/cmake-build/CMakeFiles/CMakeTmp'


File /home/computahackerboy/Desktop/Programming/V-REx/core/src/mongo-c-driver/cmake-build/CMakeFiles/CMakeTmp/CheckSymbolExists.c:
/* */
#include <stdio.h>

int main(int argc, char** argv)
{
  (void)argv;
#ifndef snprintf
  return ((int*)(&snprintf))[argc];
#else
  (void)argc;
  return 0;
#endif
}
Performing C SOURCE FILE Test BSON_HAVE_TIMESPEC succeeded with the following output:
Change Dir: /home/computahackerboy/Desktop/Programming/V-REx/core/src/mongo-c-driver/cmake-build/CMakeFiles/CMakeTmp

Run Build Command(s):/usr/bin/make cmTC_0b458/fast && /usr/bin/make -f CMakeFiles/cmTC_0b458.dir/build.make CMakeFiles/cmTC_0b458.dir/build
make[1]: Entering directory '/home/computahackerboy/Desktop/Programming/V-REx/core/src/mongo-c-driver/cmake-build/CMakeFiles/CMakeTmp'
Building C object CMakeFiles/cmTC_0b458.dir/src.c.o
/usr/bin/cc   -DBSON_HAVE_TIMESPEC   -o CMakeFiles/cmTC_0b458.dir/src.c.o   -c /home/computahackerboy/Desktop/Programming/V-REx/core/src/mongo-c-driver/cmake-build/CMakeFiles/CMakeTmp/src.c
Linking C executable cmTC_0b458
/usr/bin/cmake -E cmake_link_script CMakeFiles/cmTC_0b458.dir/link.txt --verbose=1
/usr/bin/cc  -DBSON_HAVE_TIMESPEC    -rdynamic CMakeFiles/cmTC_0b458.dir/src.c.o  -o cmTC_0b458  /usr/lib/x86_64-linux-gnu/librt.so 
make[1]: Leaving directory '/home/computahackerboy/Desktop/Programming/V-REx/core/src/mongo-c-driver/cmake-build/CMakeFiles/CMakeTmp'


Source file was:

#include <time.h>

int main()
{
  (void)sizeof(((struct timespec *)0)->tv_sec);
  return 0;
}

Determining if the gmtime_r exist passed with the following output:
Change Dir: /home/computahackerboy/Desktop/Programming/V-REx/core/src/mongo-c-driver/cmake-build/CMakeFiles/CMakeTmp

Run Build Command(s):/usr/bin/make cmTC_94038/fast && /usr/bin/make -f CMakeFiles/cmTC_94038.dir/build.make CMakeFiles/cmTC_94038.dir/build
make[1]: Entering directory '/home/computahackerboy/Desktop/Programming/V-REx/core/src/mongo-c-driver/cmake-build/CMakeFiles/CMakeTmp'
Building C object CMakeFiles/cmTC_94038.dir/CheckSymbolExists.c.o
/usr/bin/cc    -o CMakeFiles/cmTC_94038.dir/CheckSymbolExists.c.o   -c /home/computahackerboy/Desktop/Programming/V-REx/core/src/mongo-c-driver/cmake-build/CMakeFiles/CMakeTmp/CheckSymbolExists.c
Linking C executable cmTC_94038
/usr/bin/cmake -E cmake_link_script CMakeFiles/cmTC_94038.dir/link.txt --verbose=1
/usr/bin/cc      -rdynamic CMakeFiles/cmTC_94038.dir/CheckSymbolExists.c.o  -o cmTC_94038  /usr/lib/x86_64-linux-gnu/librt.so 
make[1]: Leaving directory '/home/computahackerboy/Desktop/Programming/V-REx/core/src/mongo-c-driver/cmake-build/CMakeFiles/CMakeTmp'


File /home/computahackerboy/Desktop/Programming/V-REx/core/src/mongo-c-driver/cmake-build/CMakeFiles/CMakeTmp/CheckSymbolExists.c:
/* */
#include <time.h>

int main(int argc, char** argv)
{
  (void)argv;
#ifndef gmtime_r
  return ((int*)(&gmtime_r))[argc];
#else
  (void)argc;
  return 0;
#endif
}
Determining if the function rand_r exists passed with the following output:
Change Dir: /home/computahackerboy/Desktop/Programming/V-REx/core/src/mongo-c-driver/cmake-build/CMakeFiles/CMakeTmp

Run Build Command(s):/usr/bin/make cmTC_9e710/fast && /usr/bin/make -f CMakeFiles/cmTC_9e710.dir/build.make CMakeFiles/cmTC_9e710.dir/build
make[1]: Entering directory '/home/computahackerboy/Desktop/Programming/V-REx/core/src/mongo-c-driver/cmake-build/CMakeFiles/CMakeTmp'
Building C object CMakeFiles/cmTC_9e710.dir/CheckFunctionExists.c.o
/usr/bin/cc   -DCHECK_FUNCTION_EXISTS=rand_r   -o CMakeFiles/cmTC_9e710.dir/CheckFunctionExists.c.o   -c /usr/share/cmake-3.16/Modules/CheckFunctionExists.c
Linking C executable cmTC_9e710
/usr/bin/cmake -E cmake_link_script CMakeFiles/cmTC_9e710.dir/link.txt --verbose=1
/usr/bin/cc  -DCHECK_FUNCTION_EXISTS=rand_r    -rdynamic CMakeFiles/cmTC_9e710.dir/CheckFunctionExists.c.o  -o cmTC_9e710  /usr/lib/x86_64-linux-gnu/librt.so 
make[1]: Leaving directory '/home/computahackerboy/Desktop/Programming/V-REx/core/src/mongo-c-driver/cmake-build/CMakeFiles/CMakeTmp'



Determining if the include file strings.h exists passed with the following output:
Change Dir: /home/computahackerboy/Desktop/Programming/V-REx/core/src/mongo-c-driver/cmake-build/CMakeFiles/CMakeTmp

Run Build Command(s):/usr/bin/make cmTC_1c346/fast && /usr/bin/make -f CMakeFiles/cmTC_1c346.dir/build.make CMakeFiles/cmTC_1c346.dir/build
make[1]: Entering directory '/home/computahackerboy/Desktop/Programming/V-REx/core/src/mongo-c-driver/cmake-build/CMakeFiles/CMakeTmp'
Building C object CMakeFiles/cmTC_1c346.dir/CheckIncludeFile.c.o
/usr/bin/cc    -o CMakeFiles/cmTC_1c346.dir/CheckIncludeFile.c.o   -c /home/computahackerboy/Desktop/Programming/V-REx/core/src/mongo-c-driver/cmake-build/CMakeFiles/CMakeTmp/CheckIncludeFile.c
Linking C executable cmTC_1c346
/usr/bin/cmake -E cmake_link_script CMakeFiles/cmTC_1c346.dir/link.txt --verbose=1
/usr/bin/cc      -rdynamic CMakeFiles/cmTC_1c346.dir/CheckIncludeFile.c.o  -o cmTC_1c346 
make[1]: Leaving directory '/home/computahackerboy/Desktop/Programming/V-REx/core/src/mongo-c-driver/cmake-build/CMakeFiles/CMakeTmp'



Determining if the clock_gettime exist passed with the following output:
Change Dir: /home/computahackerboy/Desktop/Programming/V-REx/core/src/mongo-c-driver/cmake-build/CMakeFiles/CMakeTmp

Run Build Command(s):/usr/bin/make cmTC_3b1ba/fast && /usr/bin/make -f CMakeFiles/cmTC_3b1ba.dir/build.make CMakeFiles/cmTC_3b1ba.dir/build
make[1]: Entering directory '/home/computahackerboy/Desktop/Programming/V-REx/core/src/mongo-c-driver/cmake-build/CMakeFiles/CMakeTmp'
Building C object CMakeFiles/cmTC_3b1ba.dir/CheckSymbolExists.c.o
/usr/bin/cc    -o CMakeFiles/cmTC_3b1ba.dir/CheckSymbolExists.c.o   -c /home/computahackerboy/Desktop/Programming/V-REx/core/src/mongo-c-driver/cmake-build/CMakeFiles/CMakeTmp/CheckSymbolExists.c
Linking C executable cmTC_3b1ba
/usr/bin/cmake -E cmake_link_script CMakeFiles/cmTC_3b1ba.dir/link.txt --verbose=1
/usr/bin/cc      -rdynamic CMakeFiles/cmTC_3b1ba.dir/CheckSymbolExists.c.o  -o cmTC_3b1ba  /usr/lib/x86_64-linux-gnu/librt.so 
make[1]: Leaving directory '/home/computahackerboy/Desktop/Programming/V-REx/core/src/mongo-c-driver/cmake-build/CMakeFiles/CMakeTmp'


File /home/computahackerboy/Desktop/Programming/V-REx/core/src/mongo-c-driver/cmake-build/CMakeFiles/CMakeTmp/CheckSymbolExists.c:
/* */
#include <time.h>

int main(int argc, char** argv)
{
  (void)argv;
#ifndef clock_gettime
  return ((int*)(&clock_gettime))[argc];
#else
  (void)argc;
  return 0;
#endif
}
Determining if the strnlen exist passed with the following output:
Change Dir: /home/computahackerboy/Desktop/Programming/V-REx/core/src/mongo-c-driver/cmake-build/CMakeFiles/CMakeTmp

Run Build Command(s):/usr/bin/make cmTC_13e0b/fast && /usr/bin/make -f CMakeFiles/cmTC_13e0b.dir/build.make CMakeFiles/cmTC_13e0b.dir/build
make[1]: Entering directory '/home/computahackerboy/Desktop/Programming/V-REx/core/src/mongo-c-driver/cmake-build/CMakeFiles/CMakeTmp'
Building C object CMakeFiles/cmTC_13e0b.dir/CheckSymbolExists.c.o
/usr/bin/cc    -o CMakeFiles/cmTC_13e0b.dir/CheckSymbolExists.c.o   -c /home/computahackerboy/Desktop/Programming/V-REx/core/src/mongo-c-driver/cmake-build/CMakeFiles/CMakeTmp/CheckSymbolExists.c
Linking C executable cmTC_13e0b
/usr/bin/cmake -E cmake_link_script CMakeFiles/cmTC_13e0b.dir/link.txt --verbose=1
/usr/bin/cc      -rdynamic CMakeFiles/cmTC_13e0b.dir/CheckSymbolExists.c.o  -o cmTC_13e0b  /usr/lib/x86_64-linux-gnu/librt.so 
make[1]: Leaving directory '/home/computahackerboy/Desktop/Programming/V-REx/core/src/mongo-c-driver/cmake-build/CMakeFiles/CMakeTmp'


File /home/computahackerboy/Desktop/Programming/V-REx/core/src/mongo-c-driver/cmake-build/CMakeFiles/CMakeTmp/CheckSymbolExists.c:
/* */
#include <string.h>

int main(int argc, char** argv)
{
  (void)argv;
#ifndef strnlen
  return ((int*)(&strnlen))[argc];
#else
  (void)argc;
  return 0;
#endif
}
Determining if the include file stdbool.h exists passed with the following output:
Change Dir: /home/computahackerboy/Desktop/Programming/V-REx/core/src/mongo-c-driver/cmake-build/CMakeFiles/CMakeTmp

Run Build Command(s):/usr/bin/make cmTC_5b3e9/fast && /usr/bin/make -f CMakeFiles/cmTC_5b3e9.dir/build.make CMakeFiles/cmTC_5b3e9.dir/build
make[1]: Entering directory '/home/computahackerboy/Desktop/Programming/V-REx/core/src/mongo-c-driver/cmake-build/CMakeFiles/CMakeTmp'
Building C object CMakeFiles/cmTC_5b3e9.dir/CheckIncludeFile.c.o
/usr/bin/cc    -o CMakeFiles/cmTC_5b3e9.dir/CheckIncludeFile.c.o   -c /home/computahackerboy/Desktop/Programming/V-REx/core/src/mongo-c-driver/cmake-build/CMakeFiles/CMakeTmp/CheckIncludeFile.c
Linking C executable cmTC_5b3e9
/usr/bin/cmake -E cmake_link_script CMakeFiles/cmTC_5b3e9.dir/link.txt --verbose=1
/usr/bin/cc      -rdynamic CMakeFiles/cmTC_5b3e9.dir/CheckIncludeFile.c.o  -o cmTC_5b3e9 
make[1]: Leaving directory '/home/computahackerboy/Desktop/Programming/V-REx/core/src/mongo-c-driver/cmake-build/CMakeFiles/CMakeTmp'



Determining if the SYS_gettid exist passed with the following output:
Change Dir: /home/computahackerboy/Desktop/Programming/V-REx/core/src/mongo-c-driver/cmake-build/CMakeFiles/CMakeTmp

Run Build Command(s):/usr/bin/make cmTC_e7580/fast && /usr/bin/make -f CMakeFiles/cmTC_e7580.dir/build.make CMakeFiles/cmTC_e7580.dir/build
make[1]: Entering directory '/home/computahackerboy/Desktop/Programming/V-REx/core/src/mongo-c-driver/cmake-build/CMakeFiles/CMakeTmp'
Building C object CMakeFiles/cmTC_e7580.dir/CheckSymbolExists.c.o
/usr/bin/cc    -o CMakeFiles/cmTC_e7580.dir/CheckSymbolExists.c.o   -c /home/computahackerboy/Desktop/Programming/V-REx/core/src/mongo-c-driver/cmake-build/CMakeFiles/CMakeTmp/CheckSymbolExists.c
Linking C executable cmTC_e7580
/usr/bin/cmake -E cmake_link_script CMakeFiles/cmTC_e7580.dir/link.txt --verbose=1
/usr/bin/cc      -rdynamic CMakeFiles/cmTC_e7580.dir/CheckSymbolExists.c.o  -o cmTC_e7580  /usr/lib/x86_64-linux-gnu/librt.so 
make[1]: Leaving directory '/home/computahackerboy/Desktop/Programming/V-REx/core/src/mongo-c-driver/cmake-build/CMakeFiles/CMakeTmp'


File /home/computahackerboy/Desktop/Programming/V-REx/core/src/mongo-c-driver/cmake-build/CMakeFiles/CMakeTmp/CheckSymbolExists.c:
/* */
#include <sys/syscall.h>

int main(int argc, char** argv)
{
  (void)argv;
#ifndef SYS_gettid
  return ((int*)(&SYS_gettid))[argc];
#else
  (void)argc;
  return 0;
#endif
}
Determining if the syscall exist passed with the following output:
Change Dir: /home/computahackerboy/Desktop/Programming/V-REx/core/src/mongo-c-driver/cmake-build/CMakeFiles/CMakeTmp

Run Build Command(s):/usr/bin/make cmTC_c7010/fast && /usr/bin/make -f CMakeFiles/cmTC_c7010.dir/build.make CMakeFiles/cmTC_c7010.dir/build
make[1]: Entering directory '/home/computahackerboy/Desktop/Programming/V-REx/core/src/mongo-c-driver/cmake-build/CMakeFiles/CMakeTmp'
Building C object CMakeFiles/cmTC_c7010.dir/CheckSymbolExists.c.o
/usr/bin/cc    -o CMakeFiles/cmTC_c7010.dir/CheckSymbolExists.c.o   -c /home/computahackerboy/Desktop/Programming/V-REx/core/src/mongo-c-driver/cmake-build/CMakeFiles/CMakeTmp/CheckSymbolExists.c
Linking C executable cmTC_c7010
/usr/bin/cmake -E cmake_link_script CMakeFiles/cmTC_c7010.dir/link.txt --verbose=1
/usr/bin/cc      -rdynamic CMakeFiles/cmTC_c7010.dir/CheckSymbolExists.c.o  -o cmTC_c7010  /usr/lib/x86_64-linux-gnu/librt.so 
make[1]: Leaving directory '/home/computahackerboy/Desktop/Programming/V-REx/core/src/mongo-c-driver/cmake-build/CMakeFiles/CMakeTmp'


File /home/computahackerboy/Desktop/Programming/V-REx/core/src/mongo-c-driver/cmake-build/CMakeFiles/CMakeTmp/CheckSymbolExists.c:
/* */
#include <unistd.h>

int main(int argc, char** argv)
{
  (void)argv;
#ifndef syscall
  return ((int*)(&syscall))[argc];
#else
  (void)argc;
  return 0;
#endif
}
Performing C SOURCE FILE Test HAVE_ATOMIC_32_ADD_AND_FETCH succeeded with the following output:
Change Dir: /home/computahackerboy/Desktop/Programming/V-REx/core/src/mongo-c-driver/cmake-build/CMakeFiles/CMakeTmp

Run Build Command(s):/usr/bin/make cmTC_d264b/fast && /usr/bin/make -f CMakeFiles/cmTC_d264b.dir/build.make CMakeFiles/cmTC_d264b.dir/build
make[1]: Entering directory '/home/computahackerboy/Desktop/Programming/V-REx/core/src/mongo-c-driver/cmake-build/CMakeFiles/CMakeTmp'
Building C object CMakeFiles/cmTC_d264b.dir/src.c.o
/usr/bin/cc   -DHAVE_ATOMIC_32_ADD_AND_FETCH   -o CMakeFiles/cmTC_d264b.dir/src.c.o   -c /home/computahackerboy/Desktop/Programming/V-REx/core/src/mongo-c-driver/cmake-build/CMakeFiles/CMakeTmp/src.c
Linking C executable cmTC_d264b
/usr/bin/cmake -E cmake_link_script CMakeFiles/cmTC_d264b.dir/link.txt --verbose=1
/usr/bin/cc  -DHAVE_ATOMIC_32_ADD_AND_FETCH    -rdynamic CMakeFiles/cmTC_d264b.dir/src.c.o  -o cmTC_d264b  /usr/lib/x86_64-linux-gnu/librt.so 
make[1]: Leaving directory '/home/computahackerboy/Desktop/Programming/V-REx/core/src/mongo-c-driver/cmake-build/CMakeFiles/CMakeTmp'


Source file was:

   #include <stdint.h>

   int
   main ()
   {
      int32_t v = 1;
      return __sync_add_and_fetch_4 (&v, (int32_t) 10);
   }
Performing C SOURCE FILE Test HAVE_ATOMIC_64_ADD_AND_FETCH succeeded with the following output:
Change Dir: /home/computahackerboy/Desktop/Programming/V-REx/core/src/mongo-c-driver/cmake-build/CMakeFiles/CMakeTmp

Run Build Command(s):/usr/bin/make cmTC_93112/fast && /usr/bin/make -f CMakeFiles/cmTC_93112.dir/build.make CMakeFiles/cmTC_93112.dir/build
make[1]: Entering directory '/home/computahackerboy/Desktop/Programming/V-REx/core/src/mongo-c-driver/cmake-build/CMakeFiles/CMakeTmp'
Building C object CMakeFiles/cmTC_93112.dir/src.c.o
/usr/bin/cc   -DHAVE_ATOMIC_64_ADD_AND_FETCH   -o CMakeFiles/cmTC_93112.dir/src.c.o   -c /home/computahackerboy/Desktop/Programming/V-REx/core/src/mongo-c-driver/cmake-build/CMakeFiles/CMakeTmp/src.c
Linking C executable cmTC_93112
/usr/bin/cmake -E cmake_link_script CMakeFiles/cmTC_93112.dir/link.txt --verbose=1
/usr/bin/cc  -DHAVE_ATOMIC_64_ADD_AND_FETCH    -rdynamic CMakeFiles/cmTC_93112.dir/src.c.o  -o cmTC_93112  /usr/lib/x86_64-linux-gnu/librt.so 
make[1]: Leaving directory '/home/computahackerboy/Desktop/Programming/V-REx/core/src/mongo-c-driver/cmake-build/CMakeFiles/CMakeTmp'


Source file was:

   #include <stdint.h>

   int
   main ()
   {
      int64_t v = 1;
      return __sync_add_and_fetch_8 (&v, (int64_t) 10);
   }
Determining if the include file pthread.h exists passed with the following output:
Change Dir: /home/computahackerboy/Desktop/Programming/V-REx/core/src/mongo-c-driver/cmake-build/CMakeFiles/CMakeTmp

Run Build Command(s):/usr/bin/make cmTC_c56a4/fast && /usr/bin/make -f CMakeFiles/cmTC_c56a4.dir/build.make CMakeFiles/cmTC_c56a4.dir/build
make[1]: Entering directory '/home/computahackerboy/Desktop/Programming/V-REx/core/src/mongo-c-driver/cmake-build/CMakeFiles/CMakeTmp'
Building C object CMakeFiles/cmTC_c56a4.dir/CheckIncludeFile.c.o
/usr/bin/cc    -o CMakeFiles/cmTC_c56a4.dir/CheckIncludeFile.c.o   -c /home/computahackerboy/Desktop/Programming/V-REx/core/src/mongo-c-driver/cmake-build/CMakeFiles/CMakeTmp/CheckIncludeFile.c
Linking C executable cmTC_c56a4
/usr/bin/cmake -E cmake_link_script CMakeFiles/cmTC_c56a4.dir/link.txt --verbose=1
/usr/bin/cc      -rdynamic CMakeFiles/cmTC_c56a4.dir/CheckIncludeFile.c.o  -o cmTC_c56a4 
make[1]: Leaving directory '/home/computahackerboy/Desktop/Programming/V-REx/core/src/mongo-c-driver/cmake-build/CMakeFiles/CMakeTmp'



Determining if files unistd.h exist passed with the following output:
Change Dir: /home/computahackerboy/Desktop/Programming/V-REx/core/src/mongo-c-driver/cmake-build/CMakeFiles/CMakeTmp

Run Build Command(s):/usr/bin/make cmTC_ace6d/fast && /usr/bin/make -f CMakeFiles/cmTC_ace6d.dir/build.make CMakeFiles/cmTC_ace6d.dir/build
make[1]: Entering directory '/home/computahackerboy/Desktop/Programming/V-REx/core/src/mongo-c-driver/cmake-build/CMakeFiles/CMakeTmp'
Building C object CMakeFiles/cmTC_ace6d.dir/HAVE_UNISTD_H.c.o
/usr/bin/cc    -o CMakeFiles/cmTC_ace6d.dir/HAVE_UNISTD_H.c.o   -c /home/computahackerboy/Desktop/Programming/V-REx/core/src/mongo-c-driver/cmake-build/CMakeFiles/CheckIncludeFiles/HAVE_UNISTD_H.c
Linking C executable cmTC_ace6d
/usr/bin/cmake -E cmake_link_script CMakeFiles/cmTC_ace6d.dir/link.txt --verbose=1
/usr/bin/cc      -rdynamic CMakeFiles/cmTC_ace6d.dir/HAVE_UNISTD_H.c.o  -o cmTC_ace6d 
make[1]: Leaving directory '/home/computahackerboy/Desktop/Programming/V-REx/core/src/mongo-c-driver/cmake-build/CMakeFiles/CMakeTmp'



Determining if files stdarg.h exist passed with the following output:
Change Dir: /home/computahackerboy/Desktop/Programming/V-REx/core/src/mongo-c-driver/cmake-build/CMakeFiles/CMakeTmp

Run Build Command(s):/usr/bin/make cmTC_b6d2c/fast && /usr/bin/make -f CMakeFiles/cmTC_b6d2c.dir/build.make CMakeFiles/cmTC_b6d2c.dir/build
make[1]: Entering directory '/home/computahackerboy/Desktop/Programming/V-REx/core/src/mongo-c-driver/cmake-build/CMakeFiles/CMakeTmp'
Building C object CMakeFiles/cmTC_b6d2c.dir/HAVE_STDARG_H.c.o
/usr/bin/cc    -o CMakeFiles/cmTC_b6d2c.dir/HAVE_STDARG_H.c.o   -c /home/computahackerboy/Desktop/Programming/V-REx/core/src/mongo-c-driver/cmake-build/CMakeFiles/CheckIncludeFiles/HAVE_STDARG_H.c
Linking C executable cmTC_b6d2c
/usr/bin/cmake -E cmake_link_script CMakeFiles/cmTC_b6d2c.dir/link.txt --verbose=1
/usr/bin/cc      -rdynamic CMakeFiles/cmTC_b6d2c.dir/HAVE_STDARG_H.c.o  -o cmTC_b6d2c 
make[1]: Leaving directory '/home/computahackerboy/Desktop/Programming/V-REx/core/src/mongo-c-driver/cmake-build/CMakeFiles/CMakeTmp'



Determining if the function ASN1_STRING_get0_data exists in the /usr/lib/x86_64-linux-gnu/libcrypto.so passed with the following output:
Change Dir: /home/computahackerboy/Desktop/Programming/V-REx/core/src/mongo-c-driver/cmake-build/CMakeFiles/CMakeTmp

Run Build Command(s):/usr/bin/make cmTC_b6eb6/fast && /usr/bin/make -f CMakeFiles/cmTC_b6eb6.dir/build.make CMakeFiles/cmTC_b6eb6.dir/build
make[1]: Entering directory '/home/computahackerboy/Desktop/Programming/V-REx/core/src/mongo-c-driver/cmake-build/CMakeFiles/CMakeTmp'
Building C object CMakeFiles/cmTC_b6eb6.dir/CheckFunctionExists.c.o
/usr/bin/cc   -DCHECK_FUNCTION_EXISTS=ASN1_STRING_get0_data   -o CMakeFiles/cmTC_b6eb6.dir/CheckFunctionExists.c.o   -c /usr/share/cmake-3.16/Modules/CheckFunctionExists.c
Linking C executable cmTC_b6eb6
/usr/bin/cmake -E cmake_link_script CMakeFiles/cmTC_b6eb6.dir/link.txt --verbose=1
/usr/bin/cc  -DCHECK_FUNCTION_EXISTS=ASN1_STRING_get0_data    -rdynamic CMakeFiles/cmTC_b6eb6.dir/CheckFunctionExists.c.o  -o cmTC_b6eb6   -L/home/computahackerboy/Desktop/Programming/V-REx/core/src/mongo-c-driver/cmake-build/CMakeFiles/CMakeTmp/openssl/asn1.h  -Wl,-rpath,/home/computahackerboy/Desktop/Programming/V-REx/core/src/mongo-c-driver/cmake-build/CMakeFiles/CMakeTmp/openssl/asn1.h /usr/lib/x86_64-linux-gnu/libcrypto.so 
make[1]: Leaving directory '/home/computahackerboy/Desktop/Programming/V-REx/core/src/mongo-c-driver/cmake-build/CMakeFiles/CMakeTmp'



Determining size of socklen_t passed with the following output:
Change Dir: /home/computahackerboy/Desktop/Programming/V-REx/core/src/mongo-c-driver/cmake-build/CMakeFiles/CMakeTmp

Run Build Command(s):/usr/bin/make cmTC_873f1/fast && /usr/bin/make -f CMakeFiles/cmTC_873f1.dir/build.make CMakeFiles/cmTC_873f1.dir/build
make[1]: Entering directory '/home/computahackerboy/Desktop/Programming/V-REx/core/src/mongo-c-driver/cmake-build/CMakeFiles/CMakeTmp'
Building C object CMakeFiles/cmTC_873f1.dir/HAVE_SOCKLEN.c.o
/usr/bin/cc    -o CMakeFiles/cmTC_873f1.dir/HAVE_SOCKLEN.c.o   -c /home/computahackerboy/Desktop/Programming/V-REx/core/src/mongo-c-driver/cmake-build/CMakeFiles/CheckTypeSize/HAVE_SOCKLEN.c
Linking C executable cmTC_873f1
/usr/bin/cmake -E cmake_link_script CMakeFiles/cmTC_873f1.dir/link.txt --verbose=1
/usr/bin/cc      -rdynamic CMakeFiles/cmTC_873f1.dir/HAVE_SOCKLEN.c.o  -o cmTC_873f1 
make[1]: Leaving directory '/home/computahackerboy/Desktop/Programming/V-REx/core/src/mongo-c-driver/cmake-build/CMakeFiles/CMakeTmp'



Determining if the res_nsearch exist passed with the following output:
Change Dir: /home/computahackerboy/Desktop/Programming/V-REx/core/src/mongo-c-driver/cmake-build/CMakeFiles/CMakeTmp

Run Build Command(s):/usr/bin/make cmTC_5fefe/fast && /usr/bin/make -f CMakeFiles/cmTC_5fefe.dir/build.make CMakeFiles/cmTC_5fefe.dir/build
make[1]: Entering directory '/home/computahackerboy/Desktop/Programming/V-REx/core/src/mongo-c-driver/cmake-build/CMakeFiles/CMakeTmp'
Building C object CMakeFiles/cmTC_5fefe.dir/CheckSymbolExists.c.o
/usr/bin/cc    -o CMakeFiles/cmTC_5fefe.dir/CheckSymbolExists.c.o   -c /home/computahackerboy/Desktop/Programming/V-REx/core/src/mongo-c-driver/cmake-build/CMakeFiles/CMakeTmp/CheckSymbolExists.c
Linking C executable cmTC_5fefe
/usr/bin/cmake -E cmake_link_script CMakeFiles/cmTC_5fefe.dir/link.txt --verbose=1
/usr/bin/cc      -rdynamic CMakeFiles/cmTC_5fefe.dir/CheckSymbolExists.c.o  -o cmTC_5fefe 
make[1]: Leaving directory '/home/computahackerboy/Desktop/Programming/V-REx/core/src/mongo-c-driver/cmake-build/CMakeFiles/CMakeTmp'


File /home/computahackerboy/Desktop/Programming/V-REx/core/src/mongo-c-driver/cmake-build/CMakeFiles/CMakeTmp/CheckSymbolExists.c:
/* */
#include <resolv.h>

int main(int argc, char** argv)
{
  (void)argv;
#ifndef res_nsearch
  return ((int*)(&res_nsearch))[argc];
#else
  (void)argc;
  return 0;
#endif
}
Determining if the res_nclose exist passed with the following output:
Change Dir: /home/computahackerboy/Desktop/Programming/V-REx/core/src/mongo-c-driver/cmake-build/CMakeFiles/CMakeTmp

Run Build Command(s):/usr/bin/make cmTC_88094/fast && /usr/bin/make -f CMakeFiles/cmTC_88094.dir/build.make CMakeFiles/cmTC_88094.dir/build
make[1]: Entering directory '/home/computahackerboy/Desktop/Programming/V-REx/core/src/mongo-c-driver/cmake-build/CMakeFiles/CMakeTmp'
Building C object CMakeFiles/cmTC_88094.dir/CheckSymbolExists.c.o
/usr/bin/cc    -o CMakeFiles/cmTC_88094.dir/CheckSymbolExists.c.o   -c /home/computahackerboy/Desktop/Programming/V-REx/core/src/mongo-c-driver/cmake-build/CMakeFiles/CMakeTmp/CheckSymbolExists.c
Linking C executable cmTC_88094
/usr/bin/cmake -E cmake_link_script CMakeFiles/cmTC_88094.dir/link.txt --verbose=1
/usr/bin/cc      -rdynamic CMakeFiles/cmTC_88094.dir/CheckSymbolExists.c.o  -o cmTC_88094 
make[1]: Leaving directory '/home/computahackerboy/Desktop/Programming/V-REx/core/src/mongo-c-driver/cmake-build/CMakeFiles/CMakeTmp'


File /home/computahackerboy/Desktop/Programming/V-REx/core/src/mongo-c-driver/cmake-build/CMakeFiles/CMakeTmp/CheckSymbolExists.c:
/* */
#include <resolv.h>

int main(int argc, char** argv)
{
  (void)argv;
#ifndef res_nclose
  return ((int*)(&res_nclose))[argc];
#else
  (void)argc;
  return 0;
#endif
}
Performing C SOURCE FILE Test MONGOC_HAVE_SS_FAMILY succeeded with the following output:
Change Dir: /home/computahackerboy/Desktop/Programming/V-REx/core/src/mongo-c-driver/cmake-build/CMakeFiles/CMakeTmp

Run Build Command(s):/usr/bin/make cmTC_f2d87/fast && /usr/bin/make -f CMakeFiles/cmTC_f2d87.dir/build.make CMakeFiles/cmTC_f2d87.dir/build
make[1]: Entering directory '/home/computahackerboy/Desktop/Programming/V-REx/core/src/mongo-c-driver/cmake-build/CMakeFiles/CMakeTmp'
Building C object CMakeFiles/cmTC_f2d87.dir/src.c.o
/usr/bin/cc   -DMONGOC_HAVE_SS_FAMILY   -o CMakeFiles/cmTC_f2d87.dir/src.c.o   -c /home/computahackerboy/Desktop/Programming/V-REx/core/src/mongo-c-driver/cmake-build/CMakeFiles/CMakeTmp/src.c
Linking C executable cmTC_f2d87
/usr/bin/cmake -E cmake_link_script CMakeFiles/cmTC_f2d87.dir/link.txt --verbose=1
/usr/bin/cc  -DMONGOC_HAVE_SS_FAMILY    -rdynamic CMakeFiles/cmTC_f2d87.dir/src.c.o  -o cmTC_f2d87 
make[1]: Leaving directory '/home/computahackerboy/Desktop/Programming/V-REx/core/src/mongo-c-driver/cmake-build/CMakeFiles/CMakeTmp'


Source file was:

#include <sys/socket.h>

int main()
{
  (void)sizeof(((struct sockaddr_storage *)0)->ss_family);
  return 0;
}

