Determining if the function reallocf exists failed with the following output:
Change Dir: /home/computahackerboy/Desktop/Programming/V-REx/core/src/mongo-c-driver/cmake-build/CMakeFiles/CMakeTmp

Run Build Command(s):/usr/bin/make cmTC_1867e/fast && /usr/bin/make -f CMakeFiles/cmTC_1867e.dir/build.make CMakeFiles/cmTC_1867e.dir/build
make[1]: Entering directory '/home/computahackerboy/Desktop/Programming/V-REx/core/src/mongo-c-driver/cmake-build/CMakeFiles/CMakeTmp'
Building C object CMakeFiles/cmTC_1867e.dir/CheckFunctionExists.c.o
/usr/bin/cc   -DCHECK_FUNCTION_EXISTS=reallocf   -o CMakeFiles/cmTC_1867e.dir/CheckFunctionExists.c.o   -c /usr/share/cmake-3.16/Modules/CheckFunctionExists.c
Linking C executable cmTC_1867e
/usr/bin/cmake -E cmake_link_script CMakeFiles/cmTC_1867e.dir/link.txt --verbose=1
/usr/bin/cc  -DCHECK_FUNCTION_EXISTS=reallocf    -rdynamic CMakeFiles/cmTC_1867e.dir/CheckFunctionExists.c.o  -o cmTC_1867e  /usr/lib/x86_64-linux-gnu/librt.so 
/usr/bin/ld: CMakeFiles/cmTC_1867e.dir/CheckFunctionExists.c.o: in function `main':
CheckFunctionExists.c:(.text+0x14): undefined reference to `reallocf'
collect2: error: ld returned 1 exit status
make[1]: *** [CMakeFiles/cmTC_1867e.dir/build.make:88: cmTC_1867e] Error 1
make[1]: Leaving directory '/home/computahackerboy/Desktop/Programming/V-REx/core/src/mongo-c-driver/cmake-build/CMakeFiles/CMakeTmp'
make: *** [Makefile:121: cmTC_1867e/fast] Error 2



Determining if the strlcpy exist failed with the following output:
Change Dir: /home/computahackerboy/Desktop/Programming/V-REx/core/src/mongo-c-driver/cmake-build/CMakeFiles/CMakeTmp

Run Build Command(s):/usr/bin/make cmTC_b49fa/fast && /usr/bin/make -f CMakeFiles/cmTC_b49fa.dir/build.make CMakeFiles/cmTC_b49fa.dir/build
make[1]: Entering directory '/home/computahackerboy/Desktop/Programming/V-REx/core/src/mongo-c-driver/cmake-build/CMakeFiles/CMakeTmp'
Building C object CMakeFiles/cmTC_b49fa.dir/CheckSymbolExists.c.o
/usr/bin/cc    -o CMakeFiles/cmTC_b49fa.dir/CheckSymbolExists.c.o   -c /home/computahackerboy/Desktop/Programming/V-REx/core/src/mongo-c-driver/cmake-build/CMakeFiles/CMakeTmp/CheckSymbolExists.c
/home/computahackerboy/Desktop/Programming/V-REx/core/src/mongo-c-driver/cmake-build/CMakeFiles/CMakeTmp/CheckSymbolExists.c: In function ‘main’:
/home/computahackerboy/Desktop/Programming/V-REx/core/src/mongo-c-driver/cmake-build/CMakeFiles/CMakeTmp/CheckSymbolExists.c:8:19: error: ‘strlcpy’ undeclared (first use in this function); did you mean ‘strncpy’?
    8 |   return ((int*)(&strlcpy))[argc];
      |                   ^~~~~~~
      |                   strncpy
/home/computahackerboy/Desktop/Programming/V-REx/core/src/mongo-c-driver/cmake-build/CMakeFiles/CMakeTmp/CheckSymbolExists.c:8:19: note: each undeclared identifier is reported only once for each function it appears in
make[1]: *** [CMakeFiles/cmTC_b49fa.dir/build.make:66: CMakeFiles/cmTC_b49fa.dir/CheckSymbolExists.c.o] Error 1
make[1]: Leaving directory '/home/computahackerboy/Desktop/Programming/V-REx/core/src/mongo-c-driver/cmake-build/CMakeFiles/CMakeTmp'
make: *** [Makefile:121: cmTC_b49fa/fast] Error 2


File /home/computahackerboy/Desktop/Programming/V-REx/core/src/mongo-c-driver/cmake-build/CMakeFiles/CMakeTmp/CheckSymbolExists.c:
/* */
#include <string.h>

int main(int argc, char** argv)
{
  (void)argv;
#ifndef strlcpy
  return ((int*)(&strlcpy))[argc];
#else
  (void)argc;
  return 0;
#endif
}
Performing C SOURCE FILE Test CMAKE_HAVE_LIBC_PTHREAD failed with the following output:
Change Dir: /home/computahackerboy/Desktop/Programming/V-REx/core/src/mongo-c-driver/cmake-build/CMakeFiles/CMakeTmp

Run Build Command(s):/usr/bin/make cmTC_18b3c/fast && /usr/bin/make -f CMakeFiles/cmTC_18b3c.dir/build.make CMakeFiles/cmTC_18b3c.dir/build
make[1]: Entering directory '/home/computahackerboy/Desktop/Programming/V-REx/core/src/mongo-c-driver/cmake-build/CMakeFiles/CMakeTmp'
Building C object CMakeFiles/cmTC_18b3c.dir/src.c.o
/usr/bin/cc   -DCMAKE_HAVE_LIBC_PTHREAD   -o CMakeFiles/cmTC_18b3c.dir/src.c.o   -c /home/computahackerboy/Desktop/Programming/V-REx/core/src/mongo-c-driver/cmake-build/CMakeFiles/CMakeTmp/src.c
Linking C executable cmTC_18b3c
/usr/bin/cmake -E cmake_link_script CMakeFiles/cmTC_18b3c.dir/link.txt --verbose=1
/usr/bin/cc  -DCMAKE_HAVE_LIBC_PTHREAD    -rdynamic CMakeFiles/cmTC_18b3c.dir/src.c.o  -o cmTC_18b3c  /usr/lib/x86_64-linux-gnu/librt.so 
/usr/bin/ld: CMakeFiles/cmTC_18b3c.dir/src.c.o: in function `main':
src.c:(.text+0x46): undefined reference to `pthread_create'
/usr/bin/ld: src.c:(.text+0x52): undefined reference to `pthread_detach'
/usr/bin/ld: src.c:(.text+0x63): undefined reference to `pthread_join'
collect2: error: ld returned 1 exit status
make[1]: *** [CMakeFiles/cmTC_18b3c.dir/build.make:88: cmTC_18b3c] Error 1
make[1]: Leaving directory '/home/computahackerboy/Desktop/Programming/V-REx/core/src/mongo-c-driver/cmake-build/CMakeFiles/CMakeTmp'
make: *** [Makefile:121: cmTC_18b3c/fast] Error 2


Source file was:
#include <pthread.h>

void* test_func(void* data)
{
  return data;
}

int main(void)
{
  pthread_t thread;
  pthread_create(&thread, NULL, test_func, NULL);
  pthread_detach(thread);
  pthread_join(thread, NULL);
  pthread_atfork(NULL, NULL, NULL);
  pthread_exit(NULL);

  return 0;
}

Determining if the res_ndestroy exist failed with the following output:
Change Dir: /home/computahackerboy/Desktop/Programming/V-REx/core/src/mongo-c-driver/cmake-build/CMakeFiles/CMakeTmp

Run Build Command(s):/usr/bin/make cmTC_261bc/fast && /usr/bin/make -f CMakeFiles/cmTC_261bc.dir/build.make CMakeFiles/cmTC_261bc.dir/build
make[1]: Entering directory '/home/computahackerboy/Desktop/Programming/V-REx/core/src/mongo-c-driver/cmake-build/CMakeFiles/CMakeTmp'
Building C object CMakeFiles/cmTC_261bc.dir/CheckSymbolExists.c.o
/usr/bin/cc    -o CMakeFiles/cmTC_261bc.dir/CheckSymbolExists.c.o   -c /home/computahackerboy/Desktop/Programming/V-REx/core/src/mongo-c-driver/cmake-build/CMakeFiles/CMakeTmp/CheckSymbolExists.c
/home/computahackerboy/Desktop/Programming/V-REx/core/src/mongo-c-driver/cmake-build/CMakeFiles/CMakeTmp/CheckSymbolExists.c: In function ‘main’:
/home/computahackerboy/Desktop/Programming/V-REx/core/src/mongo-c-driver/cmake-build/CMakeFiles/CMakeTmp/CheckSymbolExists.c:8:19: error: ‘res_ndestroy’ undeclared (first use in this function)
    8 |   return ((int*)(&res_ndestroy))[argc];
      |                   ^~~~~~~~~~~~
/home/computahackerboy/Desktop/Programming/V-REx/core/src/mongo-c-driver/cmake-build/CMakeFiles/CMakeTmp/CheckSymbolExists.c:8:19: note: each undeclared identifier is reported only once for each function it appears in
make[1]: *** [CMakeFiles/cmTC_261bc.dir/build.make:66: CMakeFiles/cmTC_261bc.dir/CheckSymbolExists.c.o] Error 1
make[1]: Leaving directory '/home/computahackerboy/Desktop/Programming/V-REx/core/src/mongo-c-driver/cmake-build/CMakeFiles/CMakeTmp'
make: *** [Makefile:121: cmTC_261bc/fast] Error 2


File /home/computahackerboy/Desktop/Programming/V-REx/core/src/mongo-c-driver/cmake-build/CMakeFiles/CMakeTmp/CheckSymbolExists.c:
/* */
#include <resolv.h>

int main(int argc, char** argv)
{
  (void)argv;
#ifndef res_ndestroy
  return ((int*)(&res_ndestroy))[argc];
#else
  (void)argc;
  return 0;
#endif
}
Determining if the sched_getcpu exist failed with the following output:
Change Dir: /home/computahackerboy/Desktop/Programming/V-REx/core/src/mongo-c-driver/cmake-build/CMakeFiles/CMakeTmp

Run Build Command(s):/usr/bin/make cmTC_78a05/fast && /usr/bin/make -f CMakeFiles/cmTC_78a05.dir/build.make CMakeFiles/cmTC_78a05.dir/build
make[1]: Entering directory '/home/computahackerboy/Desktop/Programming/V-REx/core/src/mongo-c-driver/cmake-build/CMakeFiles/CMakeTmp'
Building C object CMakeFiles/cmTC_78a05.dir/CheckSymbolExists.c.o
/usr/bin/cc    -o CMakeFiles/cmTC_78a05.dir/CheckSymbolExists.c.o   -c /home/computahackerboy/Desktop/Programming/V-REx/core/src/mongo-c-driver/cmake-build/CMakeFiles/CMakeTmp/CheckSymbolExists.c
/home/computahackerboy/Desktop/Programming/V-REx/core/src/mongo-c-driver/cmake-build/CMakeFiles/CMakeTmp/CheckSymbolExists.c: In function ‘main’:
/home/computahackerboy/Desktop/Programming/V-REx/core/src/mongo-c-driver/cmake-build/CMakeFiles/CMakeTmp/CheckSymbolExists.c:8:19: error: ‘sched_getcpu’ undeclared (first use in this function); did you mean ‘sched_getparam’?
    8 |   return ((int*)(&sched_getcpu))[argc];
      |                   ^~~~~~~~~~~~
      |                   sched_getparam
/home/computahackerboy/Desktop/Programming/V-REx/core/src/mongo-c-driver/cmake-build/CMakeFiles/CMakeTmp/CheckSymbolExists.c:8:19: note: each undeclared identifier is reported only once for each function it appears in
make[1]: *** [CMakeFiles/cmTC_78a05.dir/build.make:66: CMakeFiles/cmTC_78a05.dir/CheckSymbolExists.c.o] Error 1
make[1]: Leaving directory '/home/computahackerboy/Desktop/Programming/V-REx/core/src/mongo-c-driver/cmake-build/CMakeFiles/CMakeTmp'
make: *** [Makefile:121: cmTC_78a05/fast] Error 2


File /home/computahackerboy/Desktop/Programming/V-REx/core/src/mongo-c-driver/cmake-build/CMakeFiles/CMakeTmp/CheckSymbolExists.c:
/* */
#include <sched.h>

int main(int argc, char** argv)
{
  (void)argv;
#ifndef sched_getcpu
  return ((int*)(&sched_getcpu))[argc];
#else
  (void)argc;
  return 0;
#endif
}
